<?xml version="1.0" encoding="UTF-8"?>
<coverage generated="1776484221508" clover="3.2.0">
  <project timestamp="1776484221508" name="All files">
    <metrics statements="155" coveredstatements="141" conditionals="148" coveredconditionals="130" methods="33" coveredmethods="32" elements="336" coveredelements="303" complexity="0" loc="155" ncloc="155" packages="1" files="2" classes="2"/>
    <file name="aemState.js" path="/Users/vkersey/Sites/aem_extension/src/utils/aemState.js">
      <metrics statements="91" coveredstatements="77" conditionals="120" coveredconditionals="102" methods="12" coveredmethods="11"/>
      <line num="5" count="1" type="stmt"/>
      <line num="16" count="18" type="cond" truecount="2" falsecount="0"/>
      <line num="17" count="18" type="cond" truecount="2" falsecount="0"/>
      <line num="18" count="18" type="stmt"/>
      <line num="23" count="18" type="stmt"/>
      <line num="34" count="27" type="stmt"/>
      <line num="35" count="27" type="cond" truecount="4" falsecount="0"/>
      <line num="36" count="14" type="stmt"/>
      <line num="40" count="13" type="cond" truecount="2" falsecount="0"/>
      <line num="44" count="12" type="cond" truecount="2" falsecount="0"/>
      <line num="45" count="12" type="cond" truecount="4" falsecount="0"/>
      <line num="46" count="10" type="cond" truecount="4" falsecount="0"/>
      <line num="47" count="8" type="cond" truecount="4" falsecount="0"/>
      <line num="48" count="4" type="stmt"/>
      <line num="52" count="7" type="cond" truecount="2" falsecount="0"/>
      <line num="53" count="7" type="cond" truecount="4" falsecount="0"/>
      <line num="54" count="3" type="stmt"/>
      <line num="56" count="4" type="stmt"/>
      <line num="65" count="13" type="stmt"/>
      <line num="66" count="29" type="cond" truecount="4" falsecount="0"/>
      <line num="68" count="3" type="stmt"/>
      <line num="75" count="17" type="stmt"/>
      <line num="76" count="17" type="stmt"/>
      <line num="77" count="17" type="cond" truecount="2" falsecount="0"/>
      <line num="78" count="17" type="cond" truecount="2" falsecount="0"/>
      <line num="79" count="17" type="cond" truecount="2" falsecount="0"/>
      <line num="80" count="10" type="cond" truecount="2" falsecount="0"/>
      <line num="83" count="5" type="stmt"/>
      <line num="84" count="5" type="stmt"/>
      <line num="85" count="12" type="cond" truecount="4" falsecount="0"/>
      <line num="87" count="1" type="stmt"/>
      <line num="88" count="2" type="stmt"/>
      <line num="95" count="16" type="stmt"/>
      <line num="96" count="16" type="stmt"/>
      <line num="97" count="16" type="stmt"/>
      <line num="98" count="16" type="stmt"/>
      <line num="99" count="16" type="cond" truecount="2" falsecount="0"/>
      <line num="100" count="8" type="stmt"/>
      <line num="101" count="8" type="stmt"/>
      <line num="102" count="20" type="cond" truecount="4" falsecount="0"/>
      <line num="103" count="7" type="cond" truecount="2" falsecount="0"/>
      <line num="106" count="1" type="stmt"/>
      <line num="107" count="1" type="stmt"/>
      <line num="116" count="2" type="stmt"/>
      <line num="147" count="22" type="stmt"/>
      <line num="148" count="22" type="cond" truecount="2" falsecount="0"/>
      <line num="151" count="20" type="stmt"/>
      <line num="153" count="19" type="stmt"/>
      <line num="154" count="19" type="stmt"/>
      <line num="156" count="19" type="cond" truecount="2" falsecount="0"/>
      <line num="157" count="22" type="cond" truecount="2" falsecount="0"/>
      <line num="158" count="22" type="stmt"/>
      <line num="159" count="22" type="stmt"/>
      <line num="160" count="22" type="cond" truecount="2" falsecount="0"/>
      <line num="162" count="22" type="cond" truecount="4" falsecount="0"/>
      <line num="164" count="22" type="stmt"/>
      <line num="165" count="22" type="stmt"/>
      <line num="167" count="22" type="cond" truecount="2" falsecount="0"/>
      <line num="168" count="10" type="stmt"/>
      <line num="169" count="10" type="stmt"/>
      <line num="170" count="10" type="cond" truecount="2" falsecount="0"/>
      <line num="173" count="19" type="cond" truecount="5" falsecount="0"/>
      <line num="174" count="2" type="stmt"/>
      <line num="175" count="2" type="cond" truecount="1" falsecount="1"/>
      <line num="176" count="2" type="stmt"/>
      <line num="177" count="2" type="stmt"/>
      <line num="181" count="19" type="stmt"/>
      <line num="187" count="19" type="stmt"/>
      <line num="191" count="149" type="stmt"/>
      <line num="193" count="19" type="cond" truecount="5" falsecount="0"/>
      <line num="201" count="22" type="stmt"/>
      <line num="202" count="22" type="cond" truecount="4" falsecount="0"/>
      <line num="203" count="6" type="stmt"/>
      <line num="204" count="13" type="cond" truecount="2" falsecount="0"/>
      <line num="205" count="6" type="stmt"/>
      <line num="206" count="6" type="cond" truecount="1" falsecount="1"/>
      <line num="209" count="19" type="stmt"/>
      <line num="220" count="0" type="stmt"/>
      <line num="222" count="0" type="stmt"/>
      <line num="223" count="0" type="cond" truecount="0" falsecount="2"/>
      <line num="224" count="0" type="cond" truecount="0" falsecount="4"/>
      <line num="226" count="0" type="stmt"/>
      <line num="228" count="0" type="stmt"/>
      <line num="229" count="0" type="cond" truecount="0" falsecount="6"/>
      <line num="230" count="0" type="stmt"/>
      <line num="233" count="0" type="stmt"/>
      <line num="238" count="0" type="stmt"/>
      <line num="240" count="0" type="stmt"/>
      <line num="241" count="0" type="stmt"/>
      <line num="242" count="0" type="stmt"/>
      <line num="245" count="0" type="stmt"/>
    </file>
    <file name="helperUtils.js" path="/Users/vkersey/Sites/aem_extension/src/utils/helperUtils.js">
      <metrics statements="64" coveredstatements="64" conditionals="28" coveredconditionals="28" methods="21" coveredmethods="21"/>
      <line num="7" count="1" type="stmt"/>
      <line num="8" count="1" type="stmt"/>
      <line num="9" count="1" type="stmt"/>
      <line num="10" count="1" type="stmt"/>
      <line num="11" count="1" type="stmt"/>
      <line num="14" count="1" type="stmt"/>
      <line num="20" count="115" type="stmt"/>
      <line num="30" count="8" type="stmt"/>
      <line num="31" count="8" type="cond" truecount="2" falsecount="0"/>
      <line num="32" count="3" type="stmt"/>
      <line num="39" count="7" type="stmt"/>
      <line num="40" count="7" type="stmt"/>
      <line num="41" count="7" type="cond" truecount="2" falsecount="0"/>
      <line num="42" count="2" type="stmt"/>
      <line num="49" count="5" type="stmt"/>
      <line num="50" count="5" type="stmt"/>
      <line num="51" count="5" type="cond" truecount="2" falsecount="0"/>
      <line num="52" count="1" type="stmt"/>
      <line num="59" count="7" type="stmt"/>
      <line num="60" count="7" type="stmt"/>
      <line num="61" count="1" type="stmt"/>
      <line num="68" count="7" type="stmt"/>
      <line num="69" count="7" type="stmt"/>
      <line num="70" count="1" type="stmt"/>
      <line num="77" count="7" type="stmt"/>
      <line num="78" count="7" type="stmt"/>
      <line num="79" count="1" type="stmt"/>
      <line num="86" count="5" type="stmt"/>
      <line num="87" count="5" type="stmt"/>
      <line num="88" count="1" type="stmt"/>
      <line num="105" count="15" type="stmt"/>
      <line num="106" count="15" type="stmt"/>
      <line num="107" count="15" type="stmt"/>
      <line num="110" count="15" type="cond" truecount="2" falsecount="0"/>
      <line num="111" count="2" type="stmt"/>
      <line num="115" count="13" type="cond" truecount="2" falsecount="0"/>
      <line num="116" count="1" type="stmt"/>
      <line num="119" count="13" type="cond" truecount="2" falsecount="0"/>
      <line num="120" count="2" type="stmt"/>
      <line num="124" count="13" type="cond" truecount="2" falsecount="0"/>
      <line num="125" count="4" type="stmt"/>
      <line num="128" count="13" type="cond" truecount="2" falsecount="0"/>
      <line num="131" count="6" type="cond" truecount="2" falsecount="0"/>
      <line num="132" count="15" type="cond" truecount="4" falsecount="0"/>
      <line num="134" count="3" type="cond" truecount="4" falsecount="0"/>
      <line num="136" count="3" type="cond" truecount="2" falsecount="0"/>
      <line num="139" count="3" type="stmt"/>
      <line num="140" count="2" type="stmt"/>
      <line num="147" count="4" type="stmt"/>
      <line num="158" count="3" type="stmt"/>
      <line num="167" count="2" type="stmt"/>
      <line num="175" count="2" type="stmt"/>
      <line num="183" count="2" type="stmt"/>
      <line num="190" count="1" type="stmt"/>
      <line num="197" count="1" type="stmt"/>
      <line num="204" count="2" type="stmt"/>
      <line num="205" count="2" type="stmt"/>
      <line num="212" count="2" type="stmt"/>
      <line num="219" count="24" type="stmt"/>
      <line num="220" count="24" type="stmt"/>
      <line num="221" count="24" type="stmt"/>
      <line num="222" count="24" type="stmt"/>
      <line num="223" count="1" type="stmt"/>
      <line num="226" count="1" type="stmt"/>
    </file>
  </project>
</coverage>
