{"/Users/vkersey/Sites/aem_extension/src/utils/aemState.js": {"path":"/Users/vkersey/Sites/aem_extension/src/utils/aemState.js","statementMap":{"0":{"start":{"line":5,"column":21},"end":{"line":10,"column":1}},"1":{"start":{"line":16,"column":4},"end":{"line":16,"column":null}},"2":{"start":{"line":17,"column":4},"end":{"line":17,"column":null}},"3":{"start":{"line":18,"column":4},"end":{"line":22,"column":null}},"4":{"start":{"line":23,"column":4},"end":{"line":28,"column":null}},"5":{"start":{"line":34,"column":16},"end":{"line":34,"column":32}},"6":{"start":{"line":35,"column":4},"end":{"line":35,"column":null}},"7":{"start":{"line":35,"column":33},"end":{"line":35,"column":null}},"8":{"start":{"line":36,"column":4},"end":{"line":36,"column":null}},"9":{"start":{"line":40,"column":4},"end":{"line":40,"column":null}},"10":{"start":{"line":44,"column":4},"end":{"line":44,"column":null}},"11":{"start":{"line":45,"column":4},"end":{"line":45,"column":null}},"12":{"start":{"line":45,"column":50},"end":{"line":45,"column":null}},"13":{"start":{"line":46,"column":4},"end":{"line":46,"column":null}},"14":{"start":{"line":46,"column":50},"end":{"line":46,"column":null}},"15":{"start":{"line":47,"column":4},"end":{"line":47,"column":null}},"16":{"start":{"line":47,"column":50},"end":{"line":47,"column":null}},"17":{"start":{"line":48,"column":4},"end":{"line":48,"column":null}},"18":{"start":{"line":52,"column":4},"end":{"line":52,"column":null}},"19":{"start":{"line":53,"column":4},"end":{"line":55,"column":null}},"20":{"start":{"line":54,"column":6},"end":{"line":54,"column":null}},"21":{"start":{"line":56,"column":4},"end":{"line":56,"column":null}},"22":{"start":{"line":65,"column":4},"end":{"line":67,"column":null}},"23":{"start":{"line":66,"column":6},"end":{"line":66,"column":null}},"24":{"start":{"line":66,"column":38},"end":{"line":66,"column":null}},"25":{"start":{"line":68,"column":4},"end":{"line":68,"column":null}},"26":{"start":{"line":75,"column":4},"end":{"line":88,"column":null}},"27":{"start":{"line":76,"column":16},"end":{"line":76,"column":28}},"28":{"start":{"line":77,"column":16},"end":{"line":77,"column":33}},"29":{"start":{"line":78,"column":25},"end":{"line":78,"column":101}},"30":{"start":{"line":79,"column":6},"end":{"line":82,"column":null}},"31":{"start":{"line":80,"column":8},"end":{"line":81,"column":null}},"32":{"start":{"line":83,"column":21},"end":{"line":83,"column":29}},"33":{"start":{"line":84,"column":6},"end":{"line":86,"column":null}},"34":{"start":{"line":85,"column":8},"end":{"line":85,"column":null}},"35":{"start":{"line":85,"column":52},"end":{"line":85,"column":null}},"36":{"start":{"line":87,"column":6},"end":{"line":87,"column":null}},"37":{"start":{"line":88,"column":14},"end":{"line":88,"column":27}},"38":{"start":{"line":95,"column":4},"end":{"line":107,"column":null}},"39":{"start":{"line":96,"column":19},"end":{"line":96,"column":31}},"40":{"start":{"line":97,"column":19},"end":{"line":97,"column":29}},"41":{"start":{"line":98,"column":19},"end":{"line":98,"column":90}},"42":{"start":{"line":99,"column":6},"end":{"line":99,"column":null}},"43":{"start":{"line":99,"column":13},"end":{"line":99,"column":null}},"44":{"start":{"line":100,"column":21},"end":{"line":100,"column":29}},"45":{"start":{"line":101,"column":6},"end":{"line":105,"column":null}},"46":{"start":{"line":102,"column":8},"end":{"line":104,"column":null}},"47":{"start":{"line":103,"column":10},"end":{"line":103,"column":null}},"48":{"start":{"line":106,"column":6},"end":{"line":106,"column":null}},"49":{"start":{"line":107,"column":14},"end":{"line":107,"column":26}},"50":{"start":{"line":116,"column":4},"end":{"line":140,"column":null}},"51":{"start":{"line":147,"column":19},"end":{"line":147,"column":96}},"52":{"start":{"line":148,"column":2},"end":{"line":148,"column":null}},"53":{"start":{"line":148,"column":12},"end":{"line":148,"column":null}},"54":{"start":{"line":151,"column":2},"end":{"line":151,"column":null}},"55":{"start":{"line":151,"column":8},"end":{"line":151,"column":25}},"56":{"start":{"line":151,"column":36},"end":{"line":151,"column":52}},"57":{"start":{"line":153,"column":15},"end":{"line":153,"column":25}},"58":{"start":{"line":154,"column":15},"end":{"line":154,"column":21}},"59":{"start":{"line":156,"column":25},"end":{"line":156,"column":61}},"60":{"start":{"line":157,"column":25},"end":{"line":157,"column":61}},"61":{"start":{"line":158,"column":25},"end":{"line":158,"column":92}},"62":{"start":{"line":159,"column":25},"end":{"line":159,"column":37}},"63":{"start":{"line":160,"column":25},"end":{"line":160,"column":64}},"64":{"start":{"line":162,"column":16},"end":{"line":162,"column":73}},"65":{"start":{"line":164,"column":18},"end":{"line":164,"column":31}},"66":{"start":{"line":165,"column":18},"end":{"line":165,"column":32}},"67":{"start":{"line":167,"column":2},"end":{"line":171,"column":null}},"68":{"start":{"line":168,"column":17},"end":{"line":168,"column":32}},"69":{"start":{"line":169,"column":4},"end":{"line":169,"column":null}},"70":{"start":{"line":170,"column":4},"end":{"line":170,"column":null}},"71":{"start":{"line":173,"column":2},"end":{"line":179,"column":null}},"72":{"start":{"line":174,"column":17},"end":{"line":174,"column":39}},"73":{"start":{"line":175,"column":4},"end":{"line":178,"column":null}},"74":{"start":{"line":176,"column":6},"end":{"line":176,"column":null}},"75":{"start":{"line":177,"column":6},"end":{"line":177,"column":null}},"76":{"start":{"line":181,"column":15},"end":{"line":181,"column":25}},"77":{"start":{"line":187,"column":31},"end":{"line":190,"column":3}},"78":{"start":{"line":191,"column":23},"end":{"line":191,"column":73}},"79":{"start":{"line":191,"column":54},"end":{"line":191,"column":72}},"80":{"start":{"line":193,"column":17},"end":{"line":197,"column":3}},"81":{"start":{"line":201,"column":12},"end":{"line":201,"column":16}},"82":{"start":{"line":202,"column":2},"end":{"line":207,"column":null}},"83":{"start":{"line":203,"column":4},"end":{"line":203,"column":null}},"84":{"start":{"line":204,"column":9},"end":{"line":207,"column":null}},"85":{"start":{"line":205,"column":17},"end":{"line":205,"column":39}},"86":{"start":{"line":206,"column":4},"end":{"line":206,"column":29}},"87":{"start":{"line":206,"column":14},"end":{"line":206,"column":29}},"88":{"start":{"line":209,"column":2},"end":{"line":209,"column":null}},"89":{"start":{"line":220,"column":14},"end":{"line":220,"column":29}},"90":{"start":{"line":222,"column":15},"end":{"line":222,"column":74}},"91":{"start":{"line":223,"column":15},"end":{"line":223,"column":30}},"92":{"start":{"line":224,"column":15},"end":{"line":224,"column":41}},"93":{"start":{"line":226,"column":14},"end":{"line":226,"column":55}},"94":{"start":{"line":228,"column":15},"end":{"line":228,"column":19}},"95":{"start":{"line":229,"column":2},"end":{"line":231,"column":null}},"96":{"start":{"line":230,"column":4},"end":{"line":230,"column":null}},"97":{"start":{"line":233,"column":16},"end":{"line":236,"column":3}},"98":{"start":{"line":238,"column":18},"end":{"line":238,"column":41}},"99":{"start":{"line":240,"column":28},"end":{"line":240,"column":32}},"100":{"start":{"line":241,"column":2},"end":{"line":243,"column":null}},"101":{"start":{"line":242,"column":4},"end":{"line":242,"column":null}},"102":{"start":{"line":245,"column":2},"end":{"line":253,"column":null}}},"fnMap":{"0":{"name":"(anonymous_0)","decl":{"start":{"line":15,"column":2},"end":{"line":15,"column":13}},"loc":{"start":{"line":15,"column":19},"end":{"line":29,"column":null}},"line":15},"1":{"name":"(anonymous_1)","decl":{"start":{"line":33,"column":2},"end":{"line":33,"column":14}},"loc":{"start":{"line":33,"column":30},"end":{"line":37,"column":null}},"line":33},"2":{"name":"(anonymous_2)","decl":{"start":{"line":39,"column":2},"end":{"line":39,"column":17}},"loc":{"start":{"line":39,"column":23},"end":{"line":41,"column":null}},"line":39},"3":{"name":"(anonymous_3)","decl":{"start":{"line":43,"column":2},"end":{"line":43,"column":18}},"loc":{"start":{"line":43,"column":24},"end":{"line":49,"column":null}},"line":43},"4":{"name":"(anonymous_4)","decl":{"start":{"line":51,"column":2},"end":{"line":51,"column":18}},"loc":{"start":{"line":51,"column":24},"end":{"line":57,"column":null}},"line":51},"5":{"name":"(anonymous_5)","decl":{"start":{"line":64,"column":2},"end":{"line":64,"column":14}},"loc":{"start":{"line":64,"column":22},"end":{"line":69,"column":null}},"line":64},"6":{"name":"(anonymous_6)","decl":{"start":{"line":74,"column":2},"end":{"line":74,"column":12}},"loc":{"start":{"line":74,"column":18},"end":{"line":89,"column":null}},"line":74},"7":{"name":"(anonymous_7)","decl":{"start":{"line":94,"column":2},"end":{"line":94,"column":12}},"loc":{"start":{"line":94,"column":18},"end":{"line":108,"column":null}},"line":94},"8":{"name":"(anonymous_8)","decl":{"start":{"line":115,"column":2},"end":{"line":115,"column":11}},"loc":{"start":{"line":115,"column":14},"end":{"line":141,"column":null}},"line":115},"9":{"name":"analyzeUrl","decl":{"start":{"line":146,"column":9},"end":{"line":146,"column":19}},"loc":{"start":{"line":146,"column":33},"end":{"line":210,"column":null}},"line":146},"10":{"name":"(anonymous_10)","decl":{"start":{"line":191,"column":49},"end":{"line":191,"column":50}},"loc":{"start":{"line":191,"column":54},"end":{"line":191,"column":72}},"line":191},"11":{"name":"buildState","decl":{"start":{"line":219,"column":15},"end":{"line":219,"column":25}},"loc":{"start":{"line":219,"column":28},"end":{"line":254,"column":null}},"line":219}},"branchMap":{"0":{"loc":{"start":{"line":16,"column":21},"end":{"line":16,"column":42}},"type":"binary-expr","locations":[{"start":{"line":16,"column":21},"end":{"line":16,"column":36}},{"start":{"line":16,"column":40},"end":{"line":16,"column":42}}],"line":16},"1":{"loc":{"start":{"line":17,"column":28},"end":{"line":17,"column":48}},"type":"binary-expr","locations":[{"start":{"line":17,"column":28},"end":{"line":17,"column":42}},{"start":{"line":17,"column":46},"end":{"line":17,"column":48}}],"line":17},"2":{"loc":{"start":{"line":19,"column":20},"end":{"line":19,"column":42}},"type":"binary-expr","locations":[{"start":{"line":19,"column":20},"end":{"line":19,"column":34}},{"start":{"line":19,"column":40},"end":{"line":19,"column":42}}],"line":19},"3":{"loc":{"start":{"line":20,"column":20},"end":{"line":20,"column":42}},"type":"binary-expr","locations":[{"start":{"line":20,"column":20},"end":{"line":20,"column":36}},{"start":{"line":20,"column":40},"end":{"line":20,"column":42}}],"line":20},"4":{"loc":{"start":{"line":21,"column":20},"end":{"line":21,"column":42}},"type":"binary-expr","locations":[{"start":{"line":21,"column":20},"end":{"line":21,"column":35}},{"start":{"line":21,"column":40},"end":{"line":21,"column":42}}],"line":21},"5":{"loc":{"start":{"line":24,"column":19},"end":{"line":24,"column":44}},"type":"binary-expr","locations":[{"start":{"line":24,"column":19},"end":{"line":24,"column":34}},{"start":{"line":24,"column":40},"end":{"line":24,"column":44}}],"line":24},"6":{"loc":{"start":{"line":25,"column":19},"end":{"line":25,"column":44}},"type":"binary-expr","locations":[{"start":{"line":25,"column":19},"end":{"line":25,"column":36}},{"start":{"line":25,"column":40},"end":{"line":25,"column":44}}],"line":25},"7":{"loc":{"start":{"line":26,"column":19},"end":{"line":26,"column":44}},"type":"binary-expr","locations":[{"start":{"line":26,"column":19},"end":{"line":26,"column":35}},{"start":{"line":26,"column":40},"end":{"line":26,"column":44}}],"line":26},"8":{"loc":{"start":{"line":27,"column":19},"end":{"line":27,"column":44}},"type":"binary-expr","locations":[{"start":{"line":27,"column":19},"end":{"line":27,"column":36}},{"start":{"line":27,"column":40},"end":{"line":27,"column":44}}],"line":27},"9":{"loc":{"start":{"line":35,"column":4},"end":{"line":35,"column":null}},"type":"if","locations":[{"start":{"line":35,"column":4},"end":{"line":35,"column":null}},{"start":{},"end":{}}],"line":35},"10":{"loc":{"start":{"line":35,"column":8},"end":{"line":35,"column":31}},"type":"binary-expr","locations":[{"start":{"line":35,"column":8},"end":{"line":35,"column":12}},{"start":{"line":35,"column":16},"end":{"line":35,"column":31}}],"line":35},"11":{"loc":{"start":{"line":40,"column":39},"end":{"line":40,"column":52}},"type":"binary-expr","locations":[{"start":{"line":40,"column":39},"end":{"line":40,"column":42}},{"start":{"line":40,"column":46},"end":{"line":40,"column":52}}],"line":40},"12":{"loc":{"start":{"line":44,"column":10},"end":{"line":44,"column":23}},"type":"binary-expr","locations":[{"start":{"line":44,"column":10},"end":{"line":44,"column":13}},{"start":{"line":44,"column":17},"end":{"line":44,"column":23}}],"line":44},"13":{"loc":{"start":{"line":45,"column":4},"end":{"line":45,"column":null}},"type":"if","locations":[{"start":{"line":45,"column":4},"end":{"line":45,"column":null}},{"start":{},"end":{}}],"line":45},"14":{"loc":{"start":{"line":45,"column":8},"end":{"line":45,"column":46}},"type":"binary-expr","locations":[{"start":{"line":45,"column":8},"end":{"line":45,"column":21}},{"start":{"line":45,"column":27},"end":{"line":45,"column":46}}],"line":45},"15":{"loc":{"start":{"line":46,"column":4},"end":{"line":46,"column":null}},"type":"if","locations":[{"start":{"line":46,"column":4},"end":{"line":46,"column":null}},{"start":{},"end":{}}],"line":46},"16":{"loc":{"start":{"line":46,"column":8},"end":{"line":46,"column":48}},"type":"binary-expr","locations":[{"start":{"line":46,"column":8},"end":{"line":46,"column":23}},{"start":{"line":46,"column":27},"end":{"line":46,"column":48}}],"line":46},"17":{"loc":{"start":{"line":47,"column":4},"end":{"line":47,"column":null}},"type":"if","locations":[{"start":{"line":47,"column":4},"end":{"line":47,"column":null}},{"start":{},"end":{}}],"line":47},"18":{"loc":{"start":{"line":47,"column":8},"end":{"line":47,"column":47}},"type":"binary-expr","locations":[{"start":{"line":47,"column":8},"end":{"line":47,"column":22}},{"start":{"line":47,"column":27},"end":{"line":47,"column":47}}],"line":47},"19":{"loc":{"start":{"line":52,"column":10},"end":{"line":52,"column":23}},"type":"binary-expr","locations":[{"start":{"line":52,"column":10},"end":{"line":52,"column":13}},{"start":{"line":52,"column":17},"end":{"line":52,"column":23}}],"line":52},"20":{"loc":{"start":{"line":53,"column":4},"end":{"line":55,"column":null}},"type":"if","locations":[{"start":{"line":53,"column":4},"end":{"line":55,"column":null}},{"start":{},"end":{}}],"line":53},"21":{"loc":{"start":{"line":53,"column":8},"end":{"line":53,"column":53}},"type":"binary-expr","locations":[{"start":{"line":53,"column":8},"end":{"line":53,"column":22}},{"start":{"line":53,"column":26},"end":{"line":53,"column":53}}],"line":53},"22":{"loc":{"start":{"line":66,"column":6},"end":{"line":66,"column":null}},"type":"if","locations":[{"start":{"line":66,"column":6},"end":{"line":66,"column":null}},{"start":{},"end":{}}],"line":66},"23":{"loc":{"start":{"line":66,"column":10},"end":{"line":66,"column":36}},"type":"binary-expr","locations":[{"start":{"line":66,"column":10},"end":{"line":66,"column":12}},{"start":{"line":66,"column":16},"end":{"line":66,"column":36}}],"line":66},"24":{"loc":{"start":{"line":77,"column":16},"end":{"line":77,"column":33}},"type":"binary-expr","locations":[{"start":{"line":77,"column":16},"end":{"line":77,"column":19}},{"start":{"line":77,"column":23},"end":{"line":77,"column":33}}],"line":77},"25":{"loc":{"start":{"line":78,"column":25},"end":{"line":78,"column":101}},"type":"binary-expr","locations":[{"start":{"line":78,"column":25},"end":{"line":78,"column":26}},{"start":{"line":78,"column":30},"end":{"line":78,"column":101}}],"line":78},"26":{"loc":{"start":{"line":79,"column":6},"end":{"line":82,"column":null}},"type":"if","locations":[{"start":{"line":79,"column":6},"end":{"line":82,"column":null}},{"start":{},"end":{}}],"line":79},"27":{"loc":{"start":{"line":80,"column":15},"end":{"line":81,"column":65}},"type":"binary-expr","locations":[{"start":{"line":80,"column":15},"end":{"line":80,"column":47}},{"start":{"line":81,"column":15},"end":{"line":81,"column":65}}],"line":80},"28":{"loc":{"start":{"line":85,"column":8},"end":{"line":85,"column":null}},"type":"if","locations":[{"start":{"line":85,"column":8},"end":{"line":85,"column":null}},{"start":{},"end":{}}],"line":85},"29":{"loc":{"start":{"line":85,"column":12},"end":{"line":85,"column":50}},"type":"binary-expr","locations":[{"start":{"line":85,"column":12},"end":{"line":85,"column":14}},{"start":{"line":85,"column":18},"end":{"line":85,"column":50}}],"line":85},"30":{"loc":{"start":{"line":99,"column":6},"end":{"line":99,"column":null}},"type":"if","locations":[{"start":{"line":99,"column":6},"end":{"line":99,"column":null}},{"start":{},"end":{}}],"line":99},"31":{"loc":{"start":{"line":102,"column":8},"end":{"line":104,"column":null}},"type":"if","locations":[{"start":{"line":102,"column":8},"end":{"line":104,"column":null}},{"start":{},"end":{}}],"line":102},"32":{"loc":{"start":{"line":102,"column":12},"end":{"line":102,"column":50}},"type":"binary-expr","locations":[{"start":{"line":102,"column":12},"end":{"line":102,"column":14}},{"start":{"line":102,"column":18},"end":{"line":102,"column":50}}],"line":102},"33":{"loc":{"start":{"line":103,"column":45},"end":{"line":103,"column":81}},"type":"cond-expr","locations":[{"start":{"line":103,"column":69},"end":{"line":103,"column":75}},{"start":{"line":103,"column":78},"end":{"line":103,"column":81}}],"line":103},"34":{"loc":{"start":{"line":148,"column":2},"end":{"line":148,"column":null}},"type":"if","locations":[{"start":{"line":148,"column":2},"end":{"line":148,"column":null}},{"start":{},"end":{}}],"line":148},"35":{"loc":{"start":{"line":156,"column":25},"end":{"line":156,"column":61}},"type":"binary-expr","locations":[{"start":{"line":156,"column":25},"end":{"line":156,"column":42}},{"start":{"line":156,"column":46},"end":{"line":156,"column":61}}],"line":156},"36":{"loc":{"start":{"line":157,"column":25},"end":{"line":157,"column":61}},"type":"binary-expr","locations":[{"start":{"line":157,"column":25},"end":{"line":157,"column":42}},{"start":{"line":157,"column":46},"end":{"line":157,"column":61}}],"line":157},"37":{"loc":{"start":{"line":160,"column":25},"end":{"line":160,"column":64}},"type":"cond-expr","locations":[{"start":{"line":160,"column":34},"end":{"line":160,"column":56}},{"start":{"line":160,"column":59},"end":{"line":160,"column":64}}],"line":160},"38":{"loc":{"start":{"line":162,"column":16},"end":{"line":162,"column":73}},"type":"binary-expr","locations":[{"start":{"line":162,"column":16},"end":{"line":162,"column":29}},{"start":{"line":162,"column":33},"end":{"line":162,"column":47}},{"start":{"line":162,"column":51},"end":{"line":162,"column":61}},{"start":{"line":162,"column":65},"end":{"line":162,"column":73}}],"line":162},"39":{"loc":{"start":{"line":167,"column":2},"end":{"line":171,"column":null}},"type":"if","locations":[{"start":{"line":167,"column":2},"end":{"line":171,"column":null}},{"start":{},"end":{}}],"line":167},"40":{"loc":{"start":{"line":170,"column":16},"end":{"line":170,"column":56}},"type":"binary-expr","locations":[{"start":{"line":170,"column":16},"end":{"line":170,"column":34}},{"start":{"line":170,"column":38},"end":{"line":170,"column":56}}],"line":170},"41":{"loc":{"start":{"line":173,"column":2},"end":{"line":179,"column":null}},"type":"if","locations":[{"start":{"line":173,"column":2},"end":{"line":179,"column":null}},{"start":{},"end":{}}],"line":173},"42":{"loc":{"start":{"line":173,"column":6},"end":{"line":173,"column":39}},"type":"binary-expr","locations":[{"start":{"line":173,"column":6},"end":{"line":173,"column":14}},{"start":{"line":173,"column":18},"end":{"line":173,"column":24}},{"start":{"line":173,"column":28},"end":{"line":173,"column":39}}],"line":173},"43":{"loc":{"start":{"line":175,"column":4},"end":{"line":178,"column":null}},"type":"if","locations":[{"start":{"line":175,"column":4},"end":{"line":178,"column":null}},{"start":{},"end":{}}],"line":175},"44":{"loc":{"start":{"line":193,"column":17},"end":{"line":197,"column":3}},"type":"binary-expr","locations":[{"start":{"line":193,"column":17},"end":{"line":193,"column":22}},{"start":{"line":194,"column":4},"end":{"line":194,"column":42}},{"start":{"line":195,"column":4},"end":{"line":195,"column":54}},{"start":{"line":196,"column":5},"end":{"line":196,"column":14}},{"start":{"line":196,"column":18},"end":{"line":196,"column":31}}],"line":193},"45":{"loc":{"start":{"line":202,"column":2},"end":{"line":207,"column":null}},"type":"if","locations":[{"start":{"line":202,"column":2},"end":{"line":207,"column":null}},{"start":{"line":204,"column":9},"end":{"line":207,"column":null}}],"line":202},"46":{"loc":{"start":{"line":202,"column":6},"end":{"line":202,"column":37}},"type":"binary-expr","locations":[{"start":{"line":202,"column":6},"end":{"line":202,"column":19}},{"start":{"line":202,"column":23},"end":{"line":202,"column":37}}],"line":202},"47":{"loc":{"start":{"line":204,"column":9},"end":{"line":207,"column":null}},"type":"if","locations":[{"start":{"line":204,"column":9},"end":{"line":207,"column":null}},{"start":{},"end":{}}],"line":204},"48":{"loc":{"start":{"line":206,"column":4},"end":{"line":206,"column":29}},"type":"if","locations":[{"start":{"line":206,"column":4},"end":{"line":206,"column":29}},{"start":{},"end":{}}],"line":206},"49":{"loc":{"start":{"line":223,"column":15},"end":{"line":223,"column":30}},"type":"binary-expr","locations":[{"start":{"line":223,"column":15},"end":{"line":223,"column":22}},{"start":{"line":223,"column":26},"end":{"line":223,"column":30}}],"line":223},"50":{"loc":{"start":{"line":224,"column":15},"end":{"line":224,"column":41}},"type":"cond-expr","locations":[{"start":{"line":224,"column":22},"end":{"line":224,"column":35}},{"start":{"line":224,"column":39},"end":{"line":224,"column":41}}],"line":224},"51":{"loc":{"start":{"line":224,"column":22},"end":{"line":224,"column":35}},"type":"binary-expr","locations":[{"start":{"line":224,"column":22},"end":{"line":224,"column":29}},{"start":{"line":224,"column":33},"end":{"line":224,"column":35}}],"line":224},"52":{"loc":{"start":{"line":229,"column":2},"end":{"line":231,"column":null}},"type":"if","locations":[{"start":{"line":229,"column":2},"end":{"line":231,"column":null}},{"start":{},"end":{}}],"line":229},"53":{"loc":{"start":{"line":229,"column":6},"end":{"line":229,"column":79}},"type":"binary-expr","locations":[{"start":{"line":229,"column":6},"end":{"line":229,"column":20}},{"start":{"line":229,"column":25},"end":{"line":229,"column":39}},{"start":{"line":229,"column":43},"end":{"line":229,"column":59}},{"start":{"line":229,"column":63},"end":{"line":229,"column":78}}],"line":229},"54":{"loc":{"start":{"line":246,"column":24},"end":{"line":246,"column":43}},"type":"cond-expr","locations":[{"start":{"line":246,"column":30},"end":{"line":246,"column":36}},{"start":{"line":246,"column":39},"end":{"line":246,"column":43}}],"line":246},"55":{"loc":{"start":{"line":252,"column":24},"end":{"line":252,"column":58}},"type":"cond-expr","locations":[{"start":{"line":252,"column":33},"end":{"line":252,"column":51}},{"start":{"line":252,"column":54},"end":{"line":252,"column":58}}],"line":252}},"s":{"0":1,"1":18,"2":18,"3":18,"4":18,"5":27,"6":27,"7":13,"8":14,"9":13,"10":12,"11":12,"12":2,"13":10,"14":2,"15":8,"16":4,"17":4,"18":7,"19":7,"20":3,"21":4,"22":13,"23":29,"24":10,"25":3,"26":17,"27":17,"28":17,"29":17,"30":17,"31":10,"32":5,"33":5,"34":12,"35":4,"36":1,"37":2,"38":16,"39":16,"40":16,"41":16,"42":16,"43":7,"44":8,"45":8,"46":20,"47":7,"48":1,"49":1,"50":2,"51":22,"52":22,"53":2,"54":20,"55":20,"56":1,"57":19,"58":19,"59":19,"60":22,"61":22,"62":22,"63":22,"64":22,"65":22,"66":22,"67":22,"68":10,"69":10,"70":10,"71":19,"72":2,"73":2,"74":2,"75":2,"76":19,"77":19,"78":19,"79":149,"80":19,"81":22,"82":22,"83":6,"84":13,"85":6,"86":6,"87":6,"88":19,"89":0,"90":0,"91":0,"92":0,"93":0,"94":0,"95":0,"96":0,"97":0,"98":0,"99":0,"100":0,"101":0,"102":0},"f":{"0":18,"1":27,"2":13,"3":12,"4":7,"5":13,"6":17,"7":16,"8":2,"9":22,"10":149,"11":0},"b":{"0":[18,8],"1":[18,1],"2":[18,8],"3":[18,8],"4":[18,2],"5":[18,8],"6":[18,8],"7":[18,8],"8":[18,8],"9":[13,14],"10":[27,15],"11":[13,1],"12":[12,1],"13":[2,10],"14":[12,3],"15":[2,8],"16":[10,3],"17":[4,4],"18":[8,6],"19":[7,1],"20":[3,4],"21":[7,5],"22":[10,19],"23":[29,29],"24":[17,15],"25":[17,15],"26":[10,7],"27":[10,8],"28":[4,8],"29":[12,12],"30":[7,9],"31":[7,13],"32":[20,20],"33":[1,6],"34":[2,20],"35":[19,6],"36":[22,6],"37":[6,13],"38":[22,16,13,3],"39":[10,12],"40":[10,9],"41":[2,17],"42":[19,5,5],"43":[2,0],"44":[19,18,12,10,4],"45":[6,13],"46":[22,16],"47":[6,7],"48":[6,0],"49":[0,0],"50":[0,0],"51":[0,0],"52":[0,0],"53":[0,0,0,0],"54":[0,0],"55":[0,0]},"meta":{"lastBranch":56,"lastFunction":12,"lastStatement":103,"seen":{"s:5:21:10:1":0,"f:15:2:15:13":0,"s:16:4:16:Infinity":1,"b:16:21:16:36:16:40:16:42":0,"s:17:4:17:Infinity":2,"b:17:28:17:42:17:46:17:48":1,"s:18:4:22:Infinity":3,"b:19:20:19:34:19:40:19:42":2,"b:20:20:20:36:20:40:20:42":3,"b:21:20:21:35:21:40:21:42":4,"s:23:4:28:Infinity":4,"b:24:19:24:34:24:40:24:44":5,"b:25:19:25:36:25:40:25:44":6,"b:26:19:26:35:26:40:26:44":7,"b:27:19:27:36:27:40:27:44":8,"f:33:2:33:14":1,"s:34:16:34:32":5,"b:35:4:35:Infinity:undefined:undefined:undefined:undefined":9,"s:35:4:35:Infinity":6,"b:35:8:35:12:35:16:35:31":10,"s:35:33:35:Infinity":7,"s:36:4:36:Infinity":8,"f:39:2:39:17":2,"s:40:4:40:Infinity":9,"b:40:39:40:42:40:46:40:52":11,"f:43:2:43:18":3,"s:44:4:44:Infinity":10,"b:44:10:44:13:44:17:44:23":12,"b:45:4:45:Infinity:undefined:undefined:undefined:undefined":13,"s:45:4:45:Infinity":11,"b:45:8:45:21:45:27:45:46":14,"s:45:50:45:Infinity":12,"b:46:4:46:Infinity:undefined:undefined:undefined:undefined":15,"s:46:4:46:Infinity":13,"b:46:8:46:23:46:27:46:48":16,"s:46:50:46:Infinity":14,"b:47:4:47:Infinity:undefined:undefined:undefined:undefined":17,"s:47:4:47:Infinity":15,"b:47:8:47:22:47:27:47:47":18,"s:47:50:47:Infinity":16,"s:48:4:48:Infinity":17,"f:51:2:51:18":4,"s:52:4:52:Infinity":18,"b:52:10:52:13:52:17:52:23":19,"b:53:4:55:Infinity:undefined:undefined:undefined:undefined":20,"s:53:4:55:Infinity":19,"b:53:8:53:22:53:26:53:53":21,"s:54:6:54:Infinity":20,"s:56:4:56:Infinity":21,"f:64:2:64:14":5,"s:65:4:67:Infinity":22,"b:66:6:66:Infinity:undefined:undefined:undefined:undefined":22,"s:66:6:66:Infinity":23,"b:66:10:66:12:66:16:66:36":23,"s:66:38:66:Infinity":24,"s:68:4:68:Infinity":25,"f:74:2:74:12":6,"s:75:4:88:Infinity":26,"s:76:16:76:28":27,"s:77:16:77:33":28,"b:77:16:77:19:77:23:77:33":24,"s:78:25:78:101":29,"b:78:25:78:26:78:30:78:101":25,"b:79:6:82:Infinity:undefined:undefined:undefined:undefined":26,"s:79:6:82:Infinity":30,"s:80:8:81:Infinity":31,"b:80:15:80:47:81:15:81:65":27,"s:83:21:83:29":32,"s:84:6:86:Infinity":33,"b:85:8:85:Infinity:undefined:undefined:undefined:undefined":28,"s:85:8:85:Infinity":34,"b:85:12:85:14:85:18:85:50":29,"s:85:52:85:Infinity":35,"s:87:6:87:Infinity":36,"s:88:14:88:27":37,"f:94:2:94:12":7,"s:95:4:107:Infinity":38,"s:96:19:96:31":39,"s:97:19:97:29":40,"s:98:19:98:90":41,"b:99:6:99:Infinity:undefined:undefined:undefined:undefined":30,"s:99:6:99:Infinity":42,"s:99:13:99:Infinity":43,"s:100:21:100:29":44,"s:101:6:105:Infinity":45,"b:102:8:104:Infinity:undefined:undefined:undefined:undefined":31,"s:102:8:104:Infinity":46,"b:102:12:102:14:102:18:102:50":32,"s:103:10:103:Infinity":47,"b:103:69:103:75:103:78:103:81":33,"s:106:6:106:Infinity":48,"s:107:14:107:26":49,"f:115:2:115:11":8,"s:116:4:140:Infinity":50,"f:146:9:146:19":9,"s:147:19:147:96":51,"b:148:2:148:Infinity:undefined:undefined:undefined:undefined":34,"s:148:2:148:Infinity":52,"s:148:12:148:Infinity":53,"s:151:2:151:Infinity":54,"s:151:8:151:25":55,"s:151:36:151:52":56,"s:153:15:153:25":57,"s:154:15:154:21":58,"s:156:25:156:61":59,"b:156:25:156:42:156:46:156:61":35,"s:157:25:157:61":60,"b:157:25:157:42:157:46:157:61":36,"s:158:25:158:92":61,"s:159:25:159:37":62,"s:160:25:160:64":63,"b:160:34:160:56:160:59:160:64":37,"s:162:16:162:73":64,"b:162:16:162:29:162:33:162:47:162:51:162:61:162:65:162:73":38,"s:164:18:164:31":65,"s:165:18:165:32":66,"b:167:2:171:Infinity:undefined:undefined:undefined:undefined":39,"s:167:2:171:Infinity":67,"s:168:17:168:32":68,"s:169:4:169:Infinity":69,"s:170:4:170:Infinity":70,"b:170:16:170:34:170:38:170:56":40,"b:173:2:179:Infinity:undefined:undefined:undefined:undefined":41,"s:173:2:179:Infinity":71,"b:173:6:173:14:173:18:173:24:173:28:173:39":42,"s:174:17:174:39":72,"b:175:4:178:Infinity:undefined:undefined:undefined:undefined":43,"s:175:4:178:Infinity":73,"s:176:6:176:Infinity":74,"s:177:6:177:Infinity":75,"s:181:15:181:25":76,"s:187:31:190:3":77,"s:191:23:191:73":78,"f:191:49:191:50":10,"s:191:54:191:72":79,"s:193:17:197:3":80,"b:193:17:193:22:194:4:194:42:195:4:195:54:196:5:196:14:196:18:196:31":44,"s:201:12:201:16":81,"b:202:2:207:Infinity:204:9:207:Infinity":45,"s:202:2:207:Infinity":82,"b:202:6:202:19:202:23:202:37":46,"s:203:4:203:Infinity":83,"b:204:9:207:Infinity:undefined:undefined:undefined:undefined":47,"s:204:9:207:Infinity":84,"s:205:17:205:39":85,"b:206:4:206:29:undefined:undefined:undefined:undefined":48,"s:206:4:206:29":86,"s:206:14:206:29":87,"s:209:2:209:Infinity":88,"f:219:15:219:25":11,"s:220:14:220:29":89,"s:222:15:222:74":90,"s:223:15:223:30":91,"b:223:15:223:22:223:26:223:30":49,"s:224:15:224:41":92,"b:224:22:224:35:224:39:224:41":50,"b:224:22:224:29:224:33:224:35":51,"s:226:14:226:55":93,"s:228:15:228:19":94,"b:229:2:231:Infinity:undefined:undefined:undefined:undefined":52,"s:229:2:231:Infinity":95,"b:229:6:229:20:229:25:229:39:229:43:229:59:229:63:229:78":53,"s:230:4:230:Infinity":96,"s:233:16:236:3":97,"s:238:18:238:41":98,"s:240:28:240:32":99,"s:241:2:243:Infinity":100,"s:242:4:242:Infinity":101,"s:245:2:253:Infinity":102,"b:246:30:246:36:246:39:246:43":54,"b:252:33:252:51:252:54:252:58":55}}}
,"/Users/vkersey/Sites/aem_extension/src/utils/helperUtils.js": {"path":"/Users/vkersey/Sites/aem_extension/src/utils/helperUtils.js","statementMap":{"0":{"start":{"line":7,"column":20},"end":{"line":248,"column":4}},"1":{"start":{"line":8,"column":26},"end":{"line":8,"column":52}},"2":{"start":{"line":9,"column":26},"end":{"line":9,"column":40}},"3":{"start":{"line":10,"column":26},"end":{"line":10,"column":46}},"4":{"start":{"line":11,"column":26},"end":{"line":11,"column":88}},"5":{"start":{"line":14,"column":31},"end":{"line":17,"column":3}},"6":{"start":{"line":20,"column":4},"end":{"line":20,"column":null}},"7":{"start":{"line":20,"column":42},"end":{"line":20,"column":60}},"8":{"start":{"line":30,"column":14},"end":{"line":30,"column":43}},"9":{"start":{"line":31,"column":4},"end":{"line":31,"column":null}},"10":{"start":{"line":31,"column":12},"end":{"line":31,"column":null}},"11":{"start":{"line":32,"column":4},"end":{"line":32,"column":null}},"12":{"start":{"line":39,"column":4},"end":{"line":42,"column":null}},"13":{"start":{"line":40,"column":16},"end":{"line":40,"column":28}},"14":{"start":{"line":41,"column":6},"end":{"line":41,"column":null}},"15":{"start":{"line":42,"column":14},"end":{"line":42,"column":27}},"16":{"start":{"line":49,"column":4},"end":{"line":52,"column":null}},"17":{"start":{"line":50,"column":16},"end":{"line":50,"column":28}},"18":{"start":{"line":51,"column":6},"end":{"line":51,"column":null}},"19":{"start":{"line":52,"column":14},"end":{"line":52,"column":27}},"20":{"start":{"line":59,"column":4},"end":{"line":61,"column":null}},"21":{"start":{"line":60,"column":6},"end":{"line":60,"column":null}},"22":{"start":{"line":61,"column":14},"end":{"line":61,"column":27}},"23":{"start":{"line":68,"column":4},"end":{"line":70,"column":null}},"24":{"start":{"line":69,"column":6},"end":{"line":69,"column":null}},"25":{"start":{"line":70,"column":14},"end":{"line":70,"column":27}},"26":{"start":{"line":77,"column":4},"end":{"line":79,"column":null}},"27":{"start":{"line":78,"column":6},"end":{"line":78,"column":null}},"28":{"start":{"line":79,"column":14},"end":{"line":79,"column":27}},"29":{"start":{"line":86,"column":4},"end":{"line":88,"column":null}},"30":{"start":{"line":87,"column":6},"end":{"line":87,"column":null}},"31":{"start":{"line":88,"column":14},"end":{"line":88,"column":27}},"32":{"start":{"line":105,"column":4},"end":{"line":140,"column":null}},"33":{"start":{"line":106,"column":16},"end":{"line":106,"column":28}},"34":{"start":{"line":107,"column":17},"end":{"line":107,"column":27}},"35":{"start":{"line":110,"column":6},"end":{"line":112,"column":null}},"36":{"start":{"line":111,"column":8},"end":{"line":111,"column":null}},"37":{"start":{"line":115,"column":6},"end":{"line":117,"column":null}},"38":{"start":{"line":116,"column":8},"end":{"line":116,"column":null}},"39":{"start":{"line":119,"column":6},"end":{"line":121,"column":null}},"40":{"start":{"line":120,"column":8},"end":{"line":120,"column":null}},"41":{"start":{"line":124,"column":6},"end":{"line":126,"column":null}},"42":{"start":{"line":125,"column":8},"end":{"line":125,"column":null}},"43":{"start":{"line":128,"column":6},"end":{"line":128,"column":null}},"44":{"start":{"line":128,"column":40},"end":{"line":128,"column":null}},"45":{"start":{"line":131,"column":26},"end":{"line":131,"column":50}},"46":{"start":{"line":132,"column":6},"end":{"line":137,"column":null}},"47":{"start":{"line":134,"column":26},"end":{"line":134,"column":92}},"48":{"start":{"line":136,"column":8},"end":{"line":136,"column":null}},"49":{"start":{"line":139,"column":6},"end":{"line":139,"column":null}},"50":{"start":{"line":140,"column":14},"end":{"line":140,"column":26}},"51":{"start":{"line":147,"column":4},"end":{"line":147,"column":null}},"52":{"start":{"line":147,"column":10},"end":{"line":147,"column":37}},"53":{"start":{"line":147,"column":48},"end":{"line":147,"column":60}},"54":{"start":{"line":158,"column":4},"end":{"line":158,"column":null}},"55":{"start":{"line":167,"column":4},"end":{"line":167,"column":null}},"56":{"start":{"line":175,"column":4},"end":{"line":175,"column":null}},"57":{"start":{"line":183,"column":4},"end":{"line":183,"column":null}},"58":{"start":{"line":190,"column":4},"end":{"line":190,"column":null}},"59":{"start":{"line":197,"column":4},"end":{"line":197,"column":null}},"60":{"start":{"line":204,"column":17},"end":{"line":204,"column":48}},"61":{"start":{"line":205,"column":4},"end":{"line":205,"column":null}},"62":{"start":{"line":212,"column":4},"end":{"line":212,"column":null}},"63":{"start":{"line":219,"column":4},"end":{"line":223,"column":null}},"64":{"start":{"line":220,"column":16},"end":{"line":220,"column":28}},"65":{"start":{"line":221,"column":6},"end":{"line":221,"column":null}},"66":{"start":{"line":222,"column":6},"end":{"line":222,"column":null}},"67":{"start":{"line":223,"column":14},"end":{"line":223,"column":25}},"68":{"start":{"line":226,"column":2},"end":{"line":247,"column":null}}},"fnMap":{"0":{"name":"(anonymous_0)","decl":{"start":{"line":7,"column":21},"end":{"line":7,"column":29}},"loc":{"start":{"line":7,"column":33},"end":{"line":248,"column":1}},"line":7},"1":{"name":"isSystemPath","decl":{"start":{"line":19,"column":11},"end":{"line":19,"column":23}},"loc":{"start":{"line":19,"column":30},"end":{"line":21,"column":null}},"line":19},"2":{"name":"(anonymous_2)","decl":{"start":{"line":20,"column":37},"end":{"line":20,"column":38}},"loc":{"start":{"line":20,"column":42},"end":{"line":20,"column":60}},"line":20},"3":{"name":"parseCloudHostname","decl":{"start":{"line":29,"column":11},"end":{"line":29,"column":29}},"loc":{"start":{"line":29,"column":40},"end":{"line":33,"column":null}},"line":29},"4":{"name":"isLocalAuthor","decl":{"start":{"line":38,"column":11},"end":{"line":38,"column":24}},"loc":{"start":{"line":38,"column":30},"end":{"line":43,"column":null}},"line":38},"5":{"name":"isLocalPublish","decl":{"start":{"line":48,"column":11},"end":{"line":48,"column":25}},"loc":{"start":{"line":48,"column":31},"end":{"line":53,"column":null}},"line":48},"6":{"name":"isCloudAem","decl":{"start":{"line":58,"column":11},"end":{"line":58,"column":21}},"loc":{"start":{"line":58,"column":27},"end":{"line":62,"column":null}},"line":58},"7":{"name":"isEditorMode","decl":{"start":{"line":67,"column":11},"end":{"line":67,"column":23}},"loc":{"start":{"line":67,"column":29},"end":{"line":71,"column":null}},"line":67},"8":{"name":"isWcmDisabled","decl":{"start":{"line":76,"column":11},"end":{"line":76,"column":24}},"loc":{"start":{"line":76,"column":30},"end":{"line":80,"column":null}},"line":76},"9":{"name":"isJsonView","decl":{"start":{"line":85,"column":11},"end":{"line":85,"column":21}},"loc":{"start":{"line":85,"column":27},"end":{"line":89,"column":null}},"line":85},"10":{"name":"getContentPath","decl":{"start":{"line":104,"column":11},"end":{"line":104,"column":25}},"loc":{"start":{"line":104,"column":37},"end":{"line":141,"column":null}},"line":104},"11":{"name":"getOrigin","decl":{"start":{"line":146,"column":11},"end":{"line":146,"column":20}},"loc":{"start":{"line":146,"column":26},"end":{"line":148,"column":null}},"line":146},"12":{"name":"buildCloudOrigin","decl":{"start":{"line":157,"column":11},"end":{"line":157,"column":27}},"loc":{"start":{"line":157,"column":56},"end":{"line":159,"column":null}},"line":157},"13":{"name":"buildEditorUrl","decl":{"start":{"line":166,"column":11},"end":{"line":166,"column":25}},"loc":{"start":{"line":166,"column":53},"end":{"line":168,"column":null}},"line":166},"14":{"name":"buildWcmDisabledUrl","decl":{"start":{"line":174,"column":11},"end":{"line":174,"column":30}},"loc":{"start":{"line":174,"column":58},"end":{"line":176,"column":null}},"line":174},"15":{"name":"buildContentHtmlUrl","decl":{"start":{"line":182,"column":11},"end":{"line":182,"column":30}},"loc":{"start":{"line":182,"column":58},"end":{"line":184,"column":null}},"line":182},"16":{"name":"buildPublishUrl","decl":{"start":{"line":189,"column":11},"end":{"line":189,"column":26}},"loc":{"start":{"line":189,"column":55},"end":{"line":191,"column":null}},"line":189},"17":{"name":"buildDamUrl","decl":{"start":{"line":196,"column":11},"end":{"line":196,"column":22}},"loc":{"start":{"line":196,"column":37},"end":{"line":198,"column":null}},"line":196},"18":{"name":"buildManagePublicationUrl","decl":{"start":{"line":203,"column":11},"end":{"line":203,"column":36}},"loc":{"start":{"line":203,"column":64},"end":{"line":206,"column":null}},"line":203},"19":{"name":"buildJsonUrl","decl":{"start":{"line":211,"column":11},"end":{"line":211,"column":23}},"loc":{"start":{"line":211,"column":45},"end":{"line":213,"column":null}},"line":211},"20":{"name":"buildCacheBustUrl","decl":{"start":{"line":218,"column":11},"end":{"line":218,"column":28}},"loc":{"start":{"line":218,"column":34},"end":{"line":224,"column":null}},"line":218}},"branchMap":{"0":{"loc":{"start":{"line":31,"column":4},"end":{"line":31,"column":null}},"type":"if","locations":[{"start":{"line":31,"column":4},"end":{"line":31,"column":null}},{"start":{},"end":{}}],"line":31},"1":{"loc":{"start":{"line":41,"column":13},"end":{"line":41,"column":60}},"type":"binary-expr","locations":[{"start":{"line":41,"column":13},"end":{"line":41,"column":39}},{"start":{"line":41,"column":43},"end":{"line":41,"column":60}}],"line":41},"2":{"loc":{"start":{"line":51,"column":13},"end":{"line":51,"column":60}},"type":"binary-expr","locations":[{"start":{"line":51,"column":13},"end":{"line":51,"column":39}},{"start":{"line":51,"column":43},"end":{"line":51,"column":60}}],"line":51},"3":{"loc":{"start":{"line":110,"column":6},"end":{"line":112,"column":null}},"type":"if","locations":[{"start":{"line":110,"column":6},"end":{"line":112,"column":null}},{"start":{},"end":{}}],"line":110},"4":{"loc":{"start":{"line":115,"column":6},"end":{"line":117,"column":null}},"type":"if","locations":[{"start":{"line":115,"column":6},"end":{"line":117,"column":null}},{"start":{},"end":{}}],"line":115},"5":{"loc":{"start":{"line":119,"column":6},"end":{"line":121,"column":null}},"type":"if","locations":[{"start":{"line":119,"column":6},"end":{"line":121,"column":null}},{"start":{},"end":{}}],"line":119},"6":{"loc":{"start":{"line":124,"column":6},"end":{"line":126,"column":null}},"type":"if","locations":[{"start":{"line":124,"column":6},"end":{"line":126,"column":null}},{"start":{},"end":{}}],"line":124},"7":{"loc":{"start":{"line":128,"column":6},"end":{"line":128,"column":null}},"type":"if","locations":[{"start":{"line":128,"column":6},"end":{"line":128,"column":null}},{"start":{},"end":{}}],"line":128},"8":{"loc":{"start":{"line":131,"column":26},"end":{"line":131,"column":50}},"type":"binary-expr","locations":[{"start":{"line":131,"column":26},"end":{"line":131,"column":30}},{"start":{"line":131,"column":34},"end":{"line":131,"column":50}}],"line":131},"9":{"loc":{"start":{"line":132,"column":6},"end":{"line":137,"column":null}},"type":"if","locations":[{"start":{"line":132,"column":6},"end":{"line":137,"column":null}},{"start":{},"end":{}}],"line":132},"10":{"loc":{"start":{"line":132,"column":10},"end":{"line":132,"column":44}},"type":"binary-expr","locations":[{"start":{"line":132,"column":10},"end":{"line":132,"column":21}},{"start":{"line":132,"column":25},"end":{"line":132,"column":44}}],"line":132},"11":{"loc":{"start":{"line":134,"column":26},"end":{"line":134,"column":92}},"type":"cond-expr","locations":[{"start":{"line":134,"column":68},"end":{"line":134,"column":85}},{"start":{"line":134,"column":88},"end":{"line":134,"column":92}}],"line":134},"12":{"loc":{"start":{"line":134,"column":27},"end":{"line":134,"column":64}},"type":"binary-expr","locations":[{"start":{"line":134,"column":27},"end":{"line":134,"column":45}},{"start":{"line":134,"column":49},"end":{"line":134,"column":64}}],"line":134},"13":{"loc":{"start":{"line":136,"column":15},"end":{"line":136,"column":72}},"type":"cond-expr","locations":[{"start":{"line":136,"column":35},"end":{"line":136,"column":46}},{"start":{"line":136,"column":49},"end":{"line":136,"column":72}}],"line":136}},"s":{"0":1,"1":1,"2":1,"3":1,"4":1,"5":1,"6":19,"7":115,"8":8,"9":8,"10":5,"11":3,"12":7,"13":7,"14":7,"15":2,"16":5,"17":5,"18":5,"19":1,"20":7,"21":7,"22":1,"23":7,"24":7,"25":1,"26":7,"27":7,"28":1,"29":5,"30":5,"31":1,"32":15,"33":15,"34":15,"35":15,"36":2,"37":13,"38":1,"39":13,"40":2,"41":13,"42":4,"43":13,"44":7,"45":6,"46":15,"47":3,"48":3,"49":3,"50":2,"51":4,"52":4,"53":2,"54":3,"55":2,"56":2,"57":2,"58":1,"59":1,"60":2,"61":2,"62":2,"63":24,"64":24,"65":24,"66":24,"67":1,"68":1},"f":{"0":1,"1":19,"2":115,"3":8,"4":7,"5":5,"6":7,"7":7,"8":7,"9":5,"10":15,"11":4,"12":3,"13":2,"14":2,"15":2,"16":1,"17":1,"18":2,"19":2,"20":24},"b":{"0":[5,3],"1":[7,3],"2":[5,3],"3":[2,13],"4":[1,12],"5":[2,11],"6":[4,9],"7":[7,6],"8":[6,5],"9":[3,12],"10":[15,5],"11":[1,2],"12":[3,2],"13":[1,2]},"meta":{"lastBranch":14,"lastFunction":21,"lastStatement":69,"seen":{"s:7:20:248:4":0,"f:7:21:7:29":0,"s:8:26:8:52":1,"s:9:26:9:40":2,"s:10:26:10:46":3,"s:11:26:11:88":4,"s:14:31:17:3":5,"f:19:11:19:23":1,"s:20:4:20:Infinity":6,"f:20:37:20:38":2,"s:20:42:20:60":7,"f:29:11:29:29":3,"s:30:14:30:43":8,"b:31:4:31:Infinity:undefined:undefined:undefined:undefined":0,"s:31:4:31:Infinity":9,"s:31:12:31:Infinity":10,"s:32:4:32:Infinity":11,"f:38:11:38:24":4,"s:39:4:42:Infinity":12,"s:40:16:40:28":13,"s:41:6:41:Infinity":14,"b:41:13:41:39:41:43:41:60":1,"s:42:14:42:27":15,"f:48:11:48:25":5,"s:49:4:52:Infinity":16,"s:50:16:50:28":17,"s:51:6:51:Infinity":18,"b:51:13:51:39:51:43:51:60":2,"s:52:14:52:27":19,"f:58:11:58:21":6,"s:59:4:61:Infinity":20,"s:60:6:60:Infinity":21,"s:61:14:61:27":22,"f:67:11:67:23":7,"s:68:4:70:Infinity":23,"s:69:6:69:Infinity":24,"s:70:14:70:27":25,"f:76:11:76:24":8,"s:77:4:79:Infinity":26,"s:78:6:78:Infinity":27,"s:79:14:79:27":28,"f:85:11:85:21":9,"s:86:4:88:Infinity":29,"s:87:6:87:Infinity":30,"s:88:14:88:27":31,"f:104:11:104:25":10,"s:105:4:140:Infinity":32,"s:106:16:106:28":33,"s:107:17:107:27":34,"b:110:6:112:Infinity:undefined:undefined:undefined:undefined":3,"s:110:6:112:Infinity":35,"s:111:8:111:Infinity":36,"b:115:6:117:Infinity:undefined:undefined:undefined:undefined":4,"s:115:6:117:Infinity":37,"s:116:8:116:Infinity":38,"b:119:6:121:Infinity:undefined:undefined:undefined:undefined":5,"s:119:6:121:Infinity":39,"s:120:8:120:Infinity":40,"b:124:6:126:Infinity:undefined:undefined:undefined:undefined":6,"s:124:6:126:Infinity":41,"s:125:8:125:Infinity":42,"b:128:6:128:Infinity:undefined:undefined:undefined:undefined":7,"s:128:6:128:Infinity":43,"s:128:40:128:Infinity":44,"s:131:26:131:50":45,"b:131:26:131:30:131:34:131:50":8,"b:132:6:137:Infinity:undefined:undefined:undefined:undefined":9,"s:132:6:137:Infinity":46,"b:132:10:132:21:132:25:132:44":10,"s:134:26:134:92":47,"b:134:68:134:85:134:88:134:92":11,"b:134:27:134:45:134:49:134:64":12,"s:136:8:136:Infinity":48,"b:136:35:136:46:136:49:136:72":13,"s:139:6:139:Infinity":49,"s:140:14:140:26":50,"f:146:11:146:20":11,"s:147:4:147:Infinity":51,"s:147:10:147:37":52,"s:147:48:147:60":53,"f:157:11:157:27":12,"s:158:4:158:Infinity":54,"f:166:11:166:25":13,"s:167:4:167:Infinity":55,"f:174:11:174:30":14,"s:175:4:175:Infinity":56,"f:182:11:182:30":15,"s:183:4:183:Infinity":57,"f:189:11:189:26":16,"s:190:4:190:Infinity":58,"f:196:11:196:22":17,"s:197:4:197:Infinity":59,"f:203:11:203:36":18,"s:204:17:204:48":60,"s:205:4:205:Infinity":61,"f:211:11:211:23":19,"s:212:4:212:Infinity":62,"f:218:11:218:28":20,"s:219:4:223:Infinity":63,"s:220:16:220:28":64,"s:221:6:221:Infinity":65,"s:222:6:222:Infinity":66,"s:223:14:223:25":67,"s:226:2:247:Infinity":68}}}
}
